[debug] [2026-04-22T15:00:31.734Z] ----------------------------------------------------------------------
[debug] [2026-04-22T15:00:31.736Z] Command:       C:\Program Files\nodejs\node.exe C:\Users\theus\AppData\Roaming\npm\node_modules\firebase-tools\lib\bin\firebase.js init hosting
[debug] [2026-04-22T15:00:31.736Z] CLI Version:   15.15.0
[debug] [2026-04-22T15:00:31.736Z] Platform:      win32
[debug] [2026-04-22T15:00:31.736Z] Node Version:  v24.11.1
[debug] [2026-04-22T15:00:31.736Z] Time:          Wed Apr 22 2026 12:00:31 GMT-0300 (Horário Padrão de Brasília)
[debug] [2026-04-22T15:00:31.736Z] ----------------------------------------------------------------------
[debug] 
[info] 
     ######## #### ########  ######## ########     ###     ######  ########
     ##        ##  ##     ## ##       ##     ##  ##   ##  ##       ##
     ######    ##  ########  ######   ########  #########  ######  ######
     ##        ##  ##    ##  ##       ##     ## ##     ##       ## ##
     ##       #### ##     ## ######## ########  ##     ##  ######  ########

You're about to initialize a Firebase project in this directory:

  C:\Users\theus\Documents\PomoDash

[info] 
=== Project Setup
[info] 
[info] First, let's associate this project directory with a Firebase project.
[info] You can create multiple project aliases by running firebase use --add, 
[info] 
[info] i  If you want to create a project in a Google Cloud organization or folder, please use "firebase projects:create" instead, and return to this command when you've created the project. 
[debug] [2026-04-22T15:01:02.203Z] > command requires scopes: ["email","openid","https://www.googleapis.com/auth/cloudplatformprojects.readonly","https://www.googleapis.com/auth/firebase","https://www.googleapis.com/auth/cloud-platform"]
[debug] [2026-04-22T15:01:02.203Z] > authorizing via signed-in user (theus0411@gmail.com)
[debug] [2026-04-22T15:01:20.077Z] Checked if tokens are valid: true, expires at: 1776873574351
[debug] [2026-04-22T15:01:20.077Z] Checked if tokens are valid: true, expires at: 1776873574351
[debug] [2026-04-22T15:01:20.078Z] >>> [apiv2][query] POST https://firebase.googleapis.com/v1/projects:checkProjectId [none]
[debug] [2026-04-22T15:01:20.079Z] >>> [apiv2][body] POST https://firebase.googleapis.com/v1/projects:checkProjectId {"proposedId":"PomoDash"}
[debug] [2026-04-22T15:01:20.902Z] <<< [apiv2][status] POST https://firebase.googleapis.com/v1/projects:checkProjectId 200
[debug] [2026-04-22T15:01:20.903Z] <<< [apiv2][body] POST https://firebase.googleapis.com/v1/projects:checkProjectId {"projectIdStatus":"PROJECT_ID_NOT_VALID","suggestedProjectId":"pomodash-a585e"}
[debug] [2026-04-22T15:01:32.646Z] Checked if tokens are valid: true, expires at: 1776873574351
[debug] [2026-04-22T15:01:32.646Z] Checked if tokens are valid: true, expires at: 1776873574351
[debug] [2026-04-22T15:01:32.647Z] >>> [apiv2][query] POST https://firebase.googleapis.com/v1/projects:checkProjectId [none]
[debug] [2026-04-22T15:01:32.647Z] >>> [apiv2][body] POST https://firebase.googleapis.com/v1/projects:checkProjectId {"proposedId":"PomoDash_Board"}
[debug] [2026-04-22T15:01:32.921Z] <<< [apiv2][status] POST https://firebase.googleapis.com/v1/projects:checkProjectId 400
[debug] [2026-04-22T15:01:32.922Z] <<< [apiv2][body] POST https://firebase.googleapis.com/v1/projects:checkProjectId {"error":{"code":400,"message":"Request contains an invalid argument.","status":"INVALID_ARGUMENT"}}
[debug] [2026-04-22T15:01:32.922Z] Couldn't check if project ID PomoDash_Board is available. Original error: FirebaseError: Failed to check if project ID is available. See firebase-debug.log for more info.
[debug] [2026-04-22T15:01:52.550Z] Checked if tokens are valid: true, expires at: 1776873574351
[debug] [2026-04-22T15:01:52.550Z] Checked if tokens are valid: true, expires at: 1776873574351
[debug] [2026-04-22T15:01:52.550Z] >>> [apiv2][query] POST https://cloudresourcemanager.googleapis.com/v1/projects [none]
[debug] [2026-04-22T15:01:52.550Z] >>> [apiv2][body] POST https://cloudresourcemanager.googleapis.com/v1/projects {"projectId":"PomoDash_Board","name":"DashBoard"}
[debug] [2026-04-22T15:01:53.565Z] <<< [apiv2][status] POST https://cloudresourcemanager.googleapis.com/v1/projects 400
[debug] [2026-04-22T15:01:53.566Z] <<< [apiv2][body] POST https://cloudresourcemanager.googleapis.com/v1/projects {"error":{"code":400,"message":"field [project_id] has issue [project_id contains invalid characters]","status":"INVALID_ARGUMENT","details":[{"@type":"type.googleapis.com/google.rpc.BadRequest","fieldViolations":[{"field":"project_id","description":"project_id contains invalid characters"}]},{"@type":"type.googleapis.com/google.rpc.Help","links":[{"url":"https://cloud.google.com/resource-manager/reference/rest/v1/projects"}]}]}}
[debug] [2026-04-22T15:01:53.882Z] FirebaseError: Request to https://cloudresourcemanager.googleapis.com/v1/projects had HTTP Error: 400, field [project_id] has issue [project_id contains invalid characters]
    at responseToError (C:\Users\theus\AppData\Roaming\npm\node_modules\firebase-tools\lib\responseToError.js:53:12)
    at RetryOperation._fn (C:\Users\theus\AppData\Roaming\npm\node_modules\firebase-tools\lib\apiv2.js:333:77)
    at process.processTicksAndRejections (node:internal/process/task_queues:103:5)
[error] 
[error] Error: Failed to create project. See firebase-debug.log for more info.
